#
# There is insufficient memory for the Java Runtime Environment to continue.
# Native memory allocation (malloc) failed to allocate 1187216 bytes for Chunk::new
# Possible reasons:
#   The system is out of physical RAM or swap space
#   In 32 bit mode, the process size limit was hit
# Possible solutions:
#   Reduce memory load on the system
#   Increase physical memory or swap space
#   Check if swap backing store is full
#   Use 64 bit Java on a 64 bit OS
#   Decrease Java heap size (-Xmx/-Xms)
#   Decrease number of Java threads
#   Decrease Java thread stack sizes (-Xss)
#   Set larger code cache with -XX:ReservedCodeCacheSize=
# This output file may be truncated or incomplete.
#
#  Out of Memory Error (allocation.cpp:390), pid=34072, tid=0x0000000000007264
#
# JRE version: OpenJDK Runtime Environment (8.0_112-b06) (build 1.8.0_112-release-b06)
# Java VM: OpenJDK 64-Bit Server VM (25.112-b06 mixed mode windows-amd64 compressed oops)
# Failed to write core dump. Minidumps are not enabled by default on client versions of Windows
#

---------------  T H R E A D  ---------------

Current thread (0x0000000018d93000):  JavaThread "C2 CompilerThread2" daemon [_thread_in_native, id=29284, stack(0x0000000019600000,0x0000000019700000)]

Stack: [0x0000000019600000,0x0000000019700000]
[error occurred during error reporting (printing stack bounds), id 0xc0000005]

Native frames: (J=compiled Java code, j=interpreted, Vv=VM code, C=native code)


Current CompileTask:
C2:1887876 19010   !   4       org.gradle.api.internal.AbstractClassGenerator::generateUnderLock (1055 bytes)


---------------  P R O C E S S  ---------------

Java Threads: ( => current thread )
  0x000000001f05e800 JavaThread "Cache update executor" [_thread_blocked, id=32544, stack(0x0000000034ae0000,0x0000000034be0000)]
  0x000000001f059000 JavaThread "Stdin handler" [_thread_blocked, id=25964, stack(0x00000000349e0000,0x0000000034ae0000)]
  0x000000001f060000 JavaThread "Asynchronous log dispatcher for DefaultDaemonConnection: socket connection from /127.0.0.1:56028 to /127.0.0.1:59386" [_thread_blocked, id=35016, stack(0x00000000348e0000,0x00000000349e0000)]
  0x000000001f05d800 JavaThread "Daemon worker Thread 8" [_thread_in_native, id=31216, stack(0x00000000347e0000,0x00000000348e0000)]
  0x000000001f05a800 JavaThread "Cancel handler" [_thread_blocked, id=30212, stack(0x00000000346e0000,0x00000000347e0000)]
  0x000000001f058800 JavaThread "Handler for socket connection from /127.0.0.1:56028 to /127.0.0.1:59386" [_thread_in_native, id=24368, stack(0x00000000345e0000,0x00000000346e0000)]
  0x000000001f05b800 JavaThread "Daemon Thread 8" [_thread_blocked, id=26820, stack(0x00000000344e0000,0x00000000345e0000)]
  0x000000001c914800 JavaThread "pool-7-thread-3" [_thread_blocked, id=35784, stack(0x00000000277e0000,0x00000000278e0000)]
  0x000000001c90d000 JavaThread "pool-7-thread-2" [_thread_blocked, id=2156, stack(0x00000000276e0000,0x00000000277e0000)]
  0x000000001c913800 JavaThread "pool-7-thread-4" [_thread_blocked, id=34316, stack(0x00000000275e0000,0x00000000276e0000)]
  0x000000001c90c000 JavaThread "pool-7-thread-1" [_thread_blocked, id=30372, stack(0x00000000274e0000,0x00000000275e0000)]
  0x000000001d94c000 JavaThread "File lock request listener" [_thread_in_native, id=37632, stack(0x0000000021a50000,0x0000000021b50000)]
  0x000000001aa2b800 JavaThread "pool-1-thread-1" [_thread_blocked, id=11400, stack(0x000000001b9c0000,0x000000001bac0000)]
  0x000000001a964000 JavaThread "Incoming local TCP Connector on port 56028" [_thread_in_native, id=36680, stack(0x000000001b410000,0x000000001b510000)]
  0x0000000018e28000 JavaThread "Service Thread" daemon [_thread_blocked, id=34628, stack(0x0000000019800000,0x0000000019900000)]
  0x0000000018da3000 JavaThread "C1 CompilerThread3" daemon [_thread_blocked, id=29776, stack(0x0000000019700000,0x0000000019800000)]
=>0x0000000018d93000 JavaThread "C2 CompilerThread2" daemon [_thread_in_native, id=29284, stack(0x0000000019600000,0x0000000019700000)]
  0x0000000016e0e000 JavaThread "C2 CompilerThread1" daemon [_thread_blocked, id=12916, stack(0x0000000019500000,0x0000000019600000)]
  0x0000000016e08800 JavaThread "C2 CompilerThread0" daemon [_thread_blocked, id=36072, stack(0x0000000019400000,0x0000000019500000)]
  0x0000000018d90800 JavaThread "Attach Listener" daemon [_thread_blocked, id=34568, stack(0x0000000019300000,0x0000000019400000)]
  0x0000000018d3c000 JavaThread "Signal Dispatcher" daemon [_thread_blocked, id=37688, stack(0x0000000019200000,0x0000000019300000)]
  0x000000000303d800 JavaThread "Finalizer" daemon [_thread_blocked, id=30696, stack(0x0000000019100000,0x0000000019200000)]
  0x0000000003036000 JavaThread "Reference Handler" daemon [_thread_blocked, id=26060, stack(0x0000000018c00000,0x0000000018d00000)]
  0x0000000002f40800 JavaThread "main" [_thread_blocked, id=20976, stack(0x0000000002e40000,0x0000000002f40000)]

Other Threads:
  0x0000000016df5800 VMThread [stack: 0x0000000018b00000,0x0000000018c00000] [id=37608]
  0x0000000018daf000 WatcherThread [stack: 0x0000000019900000,0x0000000019a00000] [id=18164]

VM state:not at safepoint (normal execution)

VM Mutex/Monitor currently owned by a thread: None

Heap:
 PSYoungGen      total 443392K, used 79907K [0x00000000e0000000, 0x00000000ffe00000, 0x0000000100000000)
  eden space 366080K, 20% used [0x00000000e0000000,0x00000000e4990d40,0x00000000f6580000)
  from space 77312K, 5% used [0x00000000f6580000,0x00000000f69f8020,0x00000000fb100000)
  to   space 75264K, 0% used [0x00000000fb480000,0x00000000fb480000,0x00000000ffe00000)
 ParOldGen       total 234496K, used 124425K [0x00000000a0000000, 0x00000000ae500000, 0x00000000e0000000)
  object space 234496K, 53% used [0x00000000a0000000,0x00000000a7982608,0x00000000ae500000)
 Metaspace       used 72823K, capacity 76444K, committed 76672K, reserved 1116160K
  class space    used 9046K, capacity 9559K, committed 9600K, reserved 1048576K

Card table byte_map: [0x0000000012400000,0x0000000012710000] byte_map_base: 0x0000000011f00000

Marking Bits: (ParMarkBitMap*) 0x000000005ecc18f0
 Begin Bits: [0x0000000013110000, 0x0000000014910000)
 End Bits:   [0x0000000014910000, 0x0000000016110000)

Polling page: 0x0000000000df0000

CodeCache: size=245760Kb used=56437Kb max_used=56574Kb free=189322Kb
 bounds [0x0000000003040000, 0x00000000067d0000, 0x0000000012040000]
 total_blobs=15849 nmethods=15045 adapters=715
 compilation: enabled

Compilation events (10 events):
Event: 1887.050 Thread 0x0000000016e08800 19061       4       java.util.HashMap$KeySet::contains (9 bytes)
Event: 1887.050 Thread 0x0000000018da3000 19059       3       org.gradle.api.internal.changedetection.changes.DefaultTaskArtifactStateRepository$TaskArtifactStateImpl::collectChangedMessages (62 bytes)
Event: 1887.051 Thread 0x0000000018da3000 nmethod 19059 0x0000000006461890 code [0x0000000006461a60, 0x00000000064621a8]
Event: 1887.051 Thread 0x0000000018da3000 19060       3       org.gradle.api.internal.changedetection.rules.SummaryTaskStateChanges::iterator (9 bytes)
Event: 1887.051 Thread 0x0000000018da3000 nmethod 19060 0x000000000583b690 code [0x000000000583b800, 0x000000000583bb50]
Event: 1887.054 Thread 0x0000000016e08800 nmethod 19061 0x00000000034f40d0 code [0x00000000034f4240, 0x00000000034f4528]
Event: 1887.106 Thread 0x0000000016e0e000 19062   !   4       java.nio.file.Files::walkFileTree (355 bytes)
Event: 1887.136 Thread 0x0000000016e0e000 nmethod 19062 0x0000000005966190 code [0x0000000005966500, 0x0000000005967ea8]
Event: 1887.635 Thread 0x0000000018da3000 19063       3       com.android.ide.common.res2.DataSet::addSources (12 bytes)
Event: 1887.636 Thread 0x0000000018da3000 nmethod 19063 0x000000000515b910 code [0x000000000515ba80, 0x000000000515bca8]

GC Heap History (10 events):
Event: 57.531 GC heap before
{Heap before GC invocations=26 (full 5):
 PSYoungGen      total 439296K, used 38603K [0x00000000e0000000, 0x0000000100000000, 0x0000000100000000)
  eden space 354304K, 0% used [0x00000000e0000000,0x00000000e0000000,0x00000000f5a00000)
  from space 84992K, 45% used [0x00000000f5a00000,0x00000000f7fb2fb8,0x00000000fad00000)
  to   space 82944K, 0% used [0x00000000faf00000,0x00000000faf00000,0x0000000100000000)
 ParOldGen       total 199680K, used 190253K [0x00000000a0000000, 0x00000000ac300000, 0x00000000e0000000)
  object space 199680K, 95% used [0x00000000a0000000,0x00000000ab9cb618,0x00000000ac300000)
 Metaspace       used 66931K, capacity 68930K, committed 69248K, reserved 1110016K
  class space    used 8521K, capacity 8946K, committed 9088K, reserved 1048576K
Event: 57.990 GC heap after
Heap after GC invocations=26 (full 5):
 PSYoungGen      total 439296K, used 0K [0x00000000e0000000, 0x0000000100000000, 0x0000000100000000)
  eden space 354304K, 0% used [0x00000000e0000000,0x00000000e0000000,0x00000000f5a00000)
  from space 84992K, 0% used [0x00000000f5a00000,0x00000000f5a00000,0x00000000fad00000)
  to   space 82944K, 0% used [0x00000000faf00000,0x00000000faf00000,0x0000000100000000)
 ParOldGen       total 234496K, used 109172K [0x00000000a0000000, 0x00000000ae500000, 0x00000000e0000000)
  object space 234496K, 46% used [0x00000000a0000000,0x00000000a6a9d038,0x00000000ae500000)
 Metaspace       used 66931K, capacity 68930K, committed 69248K, reserved 1110016K
  class space    used 8521K, capacity 8946K, committed 9088K, reserved 1048576K
}
Event: 65.283 GC heap before
{Heap before GC invocations=27 (full 5):
 PSYoungGen      total 439296K, used 354207K [0x00000000e0000000, 0x0000000100000000, 0x0000000100000000)
  eden space 354304K, 99% used [0x00000000e0000000,0x00000000f59e7ee0,0x00000000f5a00000)
  from space 84992K, 0% used [0x00000000f5a00000,0x00000000f5a00000,0x00000000fad00000)
  to   space 82944K, 0% used [0x00000000faf00000,0x00000000faf00000,0x0000000100000000)
 ParOldGen       total 234496K, used 109172K [0x00000000a0000000, 0x00000000ae500000, 0x00000000e0000000)
  object space 234496K, 46% used [0x00000000a0000000,0x00000000a6a9d038,0x00000000ae500000)
 Metaspace       used 67940K, capacity 69958K, committed 70400K, reserved 1110016K
  class space    used 8664K, capacity 9090K, committed 9216K, reserved 1048576K
Event: 65.297 GC heap after
Heap after GC invocations=27 (full 5):
 PSYoungGen      total 430080K, used 18923K [0x00000000e0000000, 0x00000000ff700000, 0x0000000100000000)
  eden space 356352K, 0% used [0x00000000e0000000,0x00000000e0000000,0x00000000f5c00000)
  from space 73728K, 25% used [0x00000000faf00000,0x00000000fc17ac90,0x00000000ff700000)
  to   space 79360K, 0% used [0x00000000f5c00000,0x00000000f5c00000,0x00000000fa980000)
 ParOldGen       total 234496K, used 109180K [0x00000000a0000000, 0x00000000ae500000, 0x00000000e0000000)
  object space 234496K, 46% used [0x00000000a0000000,0x00000000a6a9f038,0x00000000ae500000)
 Metaspace       used 67940K, capacity 69958K, committed 70400K, reserved 1110016K
  class space    used 8664K, capacity 9090K, committed 9216K, reserved 1048576K
}
Event: 66.840 GC heap before
{Heap before GC invocations=28 (full 5):
 PSYoungGen      total 430080K, used 375121K [0x00000000e0000000, 0x00000000ff700000, 0x0000000100000000)
  eden space 356352K, 99% used [0x00000000e0000000,0x00000000f5bd9910,0x00000000f5c00000)
  from space 73728K, 25% used [0x00000000faf00000,0x00000000fc17ac90,0x00000000ff700000)
  to   space 79360K, 0% used [0x00000000f5c00000,0x00000000f5c00000,0x00000000fa980000)
 ParOldGen       total 234496K, used 109180K [0x00000000a0000000, 0x00000000ae500000, 0x00000000e0000000)
  object space 234496K, 46% used [0x00000000a0000000,0x00000000a6a9f038,0x00000000ae500000)
 Metaspace       used 68058K, capacity 70192K, committed 70656K, reserved 1110016K
  class space    used 8666K, capacity 9095K, committed 9216K, reserved 1048576K
Event: 66.851 GC heap after
Heap after GC invocations=28 (full 5):
 PSYoungGen      total 435712K, used 2772K [0x00000000e0000000, 0x0000000100000000, 0x0000000100000000)
  eden space 356352K, 0% used [0x00000000e0000000,0x00000000e0000000,0x00000000f5c00000)
  from space 79360K, 3% used [0x00000000f5c00000,0x00000000f5eb5038,0x00000000fa980000)
  to   space 78848K, 0% used [0x00000000fb300000,0x00000000fb300000,0x0000000100000000)
 ParOldGen       total 234496K, used 124065K [0x00000000a0000000, 0x00000000ae500000, 0x00000000e0000000)
  object space 234496K, 52% used [0x00000000a0000000,0x00000000a7928608,0x00000000ae500000)
 Metaspace       used 68058K, capacity 70192K, committed 70656K, reserved 1110016K
  class space    used 8666K, capacity 9095K, committed 9216K, reserved 1048576K
}
Event: 1322.383 GC heap before
{Heap before GC invocations=29 (full 5):
 PSYoungGen      total 435712K, used 359124K [0x00000000e0000000, 0x0000000100000000, 0x0000000100000000)
  eden space 356352K, 100% used [0x00000000e0000000,0x00000000f5c00000,0x00000000f5c00000)
  from space 79360K, 3% used [0x00000000f5c00000,0x00000000f5eb5038,0x00000000fa980000)
  to   space 78848K, 0% used [0x00000000fb300000,0x00000000fb300000,0x0000000100000000)
 ParOldGen       total 234496K, used 124065K [0x00000000a0000000, 0x00000000ae500000, 0x00000000e0000000)
  object space 234496K, 52% used [0x00000000a0000000,0x00000000a7928608,0x00000000ae500000)
 Metaspace       used 71456K, capacity 74060K, committed 74112K, reserved 1114112K
  class space    used 8899K, capacity 9321K, committed 9344K, reserved 1048576K
Event: 1322.438 GC heap after
Heap after GC invocations=29 (full 5):
 PSYoungGen      total 441344K, used 3318K [0x00000000e0000000, 0x00000000ffc80000, 0x0000000100000000)
  eden space 366080K, 0% used [0x00000000e0000000,0x00000000e0000000,0x00000000f6580000)
  from space 75264K, 4% used [0x00000000fb300000,0x00000000fb63dbc0,0x00000000ffc80000)
  to   space 77312K, 0% used [0x00000000f6580000,0x00000000f6580000,0x00000000fb100000)
 ParOldGen       total 234496K, used 124417K [0x00000000a0000000, 0x00000000ae500000, 0x00000000e0000000)
  object space 234496K, 53% used [0x00000000a0000000,0x00000000a7980608,0x00000000ae500000)
 Metaspace       used 71456K, capacity 74060K, committed 74112K, reserved 1114112K
  class space    used 8899K, capacity 9321K, committed 9344K, reserved 1048576K
}
Event: 1715.837 GC heap before
{Heap before GC invocations=30 (full 5):
 PSYoungGen      total 441344K, used 369398K [0x00000000e0000000, 0x00000000ffc80000, 0x0000000100000000)
  eden space 366080K, 100% used [0x00000000e0000000,0x00000000f6580000,0x00000000f6580000)
  from space 75264K, 4% used [0x00000000fb300000,0x00000000fb63dbc0,0x00000000ffc80000)
  to   space 77312K, 0% used [0x00000000f6580000,0x00000000f6580000,0x00000000fb100000)
 ParOldGen       total 234496K, used 124417K [0x00000000a0000000, 0x00000000ae500000, 0x00000000e0000000)
  object space 234496K, 53% used [0x00000000a0000000,0x00000000a7980608,0x00000000ae500000)
 Metaspace       used 72719K, capacity 76222K, committed 76416K, reserved 1116160K
  class space    used 9035K, capacity 9550K, committed 9600K, reserved 1048576K
Event: 1715.847 GC heap after
Heap after GC invocations=30 (full 5):
 PSYoungGen      total 443392K, used 4576K [0x00000000e0000000, 0x00000000ffe00000, 0x0000000100000000)
  eden space 366080K, 0% used [0x00000000e0000000,0x00000000e0000000,0x00000000f6580000)
  from space 77312K, 5% used [0x00000000f6580000,0x00000000f69f8020,0x00000000fb100000)
  to   space 75264K, 0% used [0x00000000fb480000,0x00000000fb480000,0x00000000ffe00000)
 ParOldGen       total 234496K, used 124425K [0x00000000a0000000, 0x00000000ae500000, 0x00000000e0000000)
  object space 234496K, 53% used [0x00000000a0000000,0x00000000a7982608,0x00000000ae500000)
 Metaspace       used 72719K, capacity 76222K, committed 76416K, reserved 1116160K
  class space    used 9035K, capacity 9550K, committed 9600K, reserved 1048576K
}

Deoptimization events (10 events):
Event: 1322.932 Thread 0x000000001f058800 Uncommon trap: reason=class_check action=maybe_recompile pc=0x0000000006257a0c method=org.gradle.api.internal.project.taskfactory.DefaultTaskClassValidatorExtractor$DefaultTaskPropertyActionContext.getAnnotation(Ljava/lang/Class;)Ljava/lang/annotation/Anno‚˘ÕÜª´î@
Event: 1322.933 Thread 0x000000001f058800 Uncommon trap: reason=class_check action=maybe_recompile pc=0x0000000006257a0c method=org.gradle.api.internal.project.taskfactory.DefaultTaskClassValidatorExtractor$DefaultTaskPropertyActionContext.getAnnotation(Ljava/lang/Class;)Ljava/lang/annotation/Anno˝∞çª´î@
Event: 1322.933 Thread 0x000000001f058800 Uncommon trap: reason=class_check action=maybe_recompile pc=0x0000000006257a0c method=org.gradle.api.internal.project.taskfactory.DefaultTaskClassValidatorExtractor$DefaultTaskPropertyActionContext.getAnnotation(Ljava/lang/Class;)Ljava/lang/annotation/Anno<	z_ñ¨î@
Event: 1323.147 Thread 0x000000001f058800 Uncommon trap: reason=array_check action=maybe_recompile pc=0x00000000062bc7cc method=java.util.ComparableTimSort.reverseRange([Ljava/lang/Object;II)V @ 20
Event: 1323.149 Thread 0x000000001f058800 Uncommon trap: reason=array_check action=maybe_recompile pc=0x00000000062bc7cc method=java.util.ComparableTimSort.reverseRange([Ljava/lang/Object;II)V @ 20
Event: 1323.152 Thread 0x000000001f058800 Uncommon trap: reason=array_check action=maybe_recompile pc=0x00000000062bc7cc method=java.util.ComparableTimSort.reverseRange([Ljava/lang/Object;II)V @ 20
Event: 1323.180 Thread 0x000000001f058800 Uncommon trap: reason=array_check action=maybe_recompile pc=0x0000000006411048 method=java.util.ComparableTimSort.reverseRange([Ljava/lang/Object;II)V @ 27
Event: 1323.182 Thread 0x000000001f058800 Uncommon trap: reason=array_check action=maybe_recompile pc=0x0000000006411048 method=java.util.ComparableTimSort.reverseRange([Ljava/lang/Object;II)V @ 27
Event: 1325.096 Thread 0x000000001f058800 Uncommon trap: reason=null_check action=make_not_entrant pc=0x0000000006444a54 method=com.sun.org.apache.xpath.internal.patterns.NodeTest.subPartMatchNS(Ljava/lang/String;Ljava/lang/String;)Z @ 25
Event: 1624.048 Thread 0x000000001f059000 Uncommon trap: reason=null_check action=make_not_entrant pc=0x00000000063d0120 method=org.gradle.api.internal.collections.CollectionFilter.filter(Ljava/lang/Object;)Ljava/lang/Object; @ 5

Internal exceptions (10 events):
Event: 1642.508 Thread 0x000000001f059000 Exception <a 'java/lang/ClassNotFoundException': asLocalRepo1482_7wuxcsd3gbem2w2lwz3nrauidBeanInfo> (0x00000000eb69fbf8) thrown at [C:\src\android\AOSP-openjdk\external\jetbrains\jdk\hotspot\src\share\vm\classfile\systemDictionary.cpp, line 210]
Event: 1642.508 Thread 0x000000001f059000 Exception <a 'java/lang/ClassNotFoundException': asLocalRepo1482_7wuxcsd3gbem2w2lwz3nrauidCustomizer> (0x00000000eb6ab1d0) thrown at [C:\src\android\AOSP-openjdk\external\jetbrains\jdk\hotspot\src\share\vm\classfile\systemDictionary.cpp, line 210]
Event: 1644.145 Thread 0x000000001f059000 Exception <a 'sun/nio/fs/WindowsException'> (0x00000000f0b46d88) thrown at [C:\src\android\AOSP-openjdk\external\jetbrains\jdk\hotspot\src\share\vm\prims\jni.cpp, line 709]
Event: 1712.825 Thread 0x000000001f05e800 Exception <a 'java/lang/ClassNotFoundException': asLocalRepo1148_5wh1sb6pfusvouqfzgnh8dislBeanInfo> (0x00000000f0f8c9e0) thrown at [C:\src\android\AOSP-openjdk\external\jetbrains\jdk\hotspot\src\share\vm\classfile\systemDictionary.cpp, line 210]
Event: 1712.825 Thread 0x000000001f05e800 Exception <a 'java/lang/ClassNotFoundException': asLocalRepo1148_5wh1sb6pfusvouqfzgnh8dislCustomizer> (0x00000000f0f97fb8) thrown at [C:\src\android\AOSP-openjdk\external\jetbrains\jdk\hotspot\src\share\vm\classfile\systemDictionary.cpp, line 210]
Event: 1713.398 Thread 0x000000001f05e800 Exception <a 'java/net/UnknownHostException': jcenter.bintray.com> (0x00000000f3765858) thrown at [C:\src\android\AOSP-openjdk\external\jetbrains\jdk\hotspot\src\share\vm\prims\jni.cpp, line 735]
Event: 1715.848 Thread 0x000000001f05e800 Exception <a 'sun/nio/fs/WindowsException'> (0x00000000e0046740) thrown at [C:\src\android\AOSP-openjdk\external\jetbrains\jdk\hotspot\src\share\vm\prims\jni.cpp, line 709]
Event: 1885.827 Thread 0x000000001f05d800 Exception <a 'java/lang/ClassNotFoundException': asLocalRepo1184_5saz9a014zesh25mcgmi3x1xrBeanInfo> (0x00000000e0c01240) thrown at [C:\src\android\AOSP-openjdk\external\jetbrains\jdk\hotspot\src\share\vm\classfile\systemDictionary.cpp, line 210]
Event: 1885.827 Thread 0x000000001f05d800 Exception <a 'java/lang/ClassNotFoundException': asLocalRepo1184_5saz9a014zesh25mcgmi3x1xrCustomizer> (0x00000000e0c0c818) thrown at [C:\src\android\AOSP-openjdk\external\jetbrains\jdk\hotspot\src\share\vm\classfile\systemDictionary.cpp, line 210]
Event: 1886.393 Thread 0x000000001f05d800 Exception <a 'java/net/UnknownHostException': jcenter.bintray.com> (0x00000000e337c1b0) thrown at [C:\src\android\AOSP-openjdk\external\jetbrains\jdk\hotspot\src\share\vm\prims\jni.cpp, line 735]

Events (10 events):
Event: 1886.981 loading class com/android/builder/internal/compiler/LeafFolderGatherer
Event: 1886.981 loading class com/android/builder/internal/compiler/LeafFolderGatherer done
Event: 1887.000 loading class com/android/builder/internal/compiler/RenderScriptProcessor
Event: 1887.000 loading class com/android/builder/internal/compiler/RenderScriptProcessor done
Event: 1887.002 loading class com/android/builder/internal/compiler/RenderScriptProcessor$Abi
Event: 1887.002 loading class com/android/builder/internal/compiler/RenderScriptProcessor$Abi done
Event: 1887.009 loading class com/android/builder/internal/compiler/FileGatherer
Event: 1887.009 loading class com/android/builder/internal/compiler/FileGatherer done
Event: 1887.106 Thread 0x000000001f05d800 DEOPT PACKING pc=0x00000000047534bc sp=0x00000000348dbb30
Event: 1887.106 Thread 0x000000001f05d800 DEOPT UNPACKING pc=0x00000000030875bf sp=0x00000000348db890 mode 0


Dynamic libraries:
0x00007ff71eb70000 - 0x00007ff71eba1000 	C:\Program Files\Android\Android Studio\jre\bin\java.exe
0x00007ffc09410000 - 0x00007ffc095f1000 	C:\WINDOWS\SYSTEM32\ntdll.dll
0x00007ffc08ca0000 - 0x00007ffc08d52000 	C:\WINDOWS\System32\KERNEL32.DLL
0x00007ffc057e0000 - 0x00007ffc05a53000 	C:\WINDOWS\System32\KERNELBASE.dll
0x00007ffc091b0000 - 0x00007ffc09251000 	C:\WINDOWS\System32\ADVAPI32.dll
0x00007ffc075d0000 - 0x00007ffc0766e000 	C:\WINDOWS\System32\msvcrt.dll
0x00007ffc09080000 - 0x00007ffc090db000 	C:\WINDOWS\System32\sechost.dll
0x00007ffc068c0000 - 0x00007ffc069e4000 	C:\WINDOWS\System32\RPCRT4.dll
0x00007ffc072c0000 - 0x00007ffc07450000 	C:\WINDOWS\System32\USER32.dll
0x00007ffc064d0000 - 0x00007ffc064f0000 	C:\WINDOWS\System32\win32u.dll
0x00007ffc069f0000 - 0x00007ffc06a18000 	C:\WINDOWS\System32\GDI32.dll
0x00007ffc06600000 - 0x00007ffc06792000 	C:\WINDOWS\System32\gdi32full.dll
0x00007ffc05d20000 - 0x00007ffc05dbf000 	C:\WINDOWS\System32\msvcp_win.dll
0x00007ffc067a0000 - 0x00007ffc0689a000 	C:\WINDOWS\System32\ucrtbase.dll
0x00007ffbf7930000 - 0x00007ffbf7b99000 	C:\WINDOWS\WinSxS\amd64_microsoft.windows.common-controls_6595b64144ccf1df_6.0.17134.48_none_b4b2216a3cb4dd3e\COMCTL32.dll
0x00007ffc06ed0000 - 0x00007ffc071f3000 	C:\WINDOWS\System32\combase.dll
0x00007ffc05a60000 - 0x00007ffc05ada000 	C:\WINDOWS\System32\bcryptPrimitives.dll
0x00007ffc08c70000 - 0x00007ffc08c9d000 	C:\WINDOWS\System32\IMM32.DLL
0x000000005d0d0000 - 0x000000005d1a2000 	C:\Program Files\Android\Android Studio\jre\jre\bin\msvcr100.dll
0x000000005e500000 - 0x000000005ed3c000 	C:\Program Files\Android\Android Studio\jre\jre\bin\server\jvm.dll
0x00007ffc08e70000 - 0x00007ffc08e78000 	C:\WINDOWS\System32\PSAPI.DLL
0x00007ffbfe960000 - 0x00007ffbfe96a000 	C:\WINDOWS\SYSTEM32\VERSION.dll
0x00007ffbf9390000 - 0x00007ffbf93b3000 	C:\WINDOWS\SYSTEM32\WINMM.dll
0x00007ffbf3bb0000 - 0x00007ffbf3bb9000 	C:\WINDOWS\SYSTEM32\WSOCK32.dll
0x00007ffbf9100000 - 0x00007ffbf912a000 	C:\WINDOWS\SYSTEM32\winmmbase.dll
0x00007ffc05ae0000 - 0x00007ffc05b29000 	C:\WINDOWS\System32\cfgmgr32.dll
0x00007ffc08d60000 - 0x00007ffc08dcc000 	C:\WINDOWS\System32\ws2_32.DLL
0x00007ffbff590000 - 0x00007ffbff59f000 	C:\Program Files\Android\Android Studio\jre\jre\bin\verify.dll
0x00007ffbef9d0000 - 0x00007ffbef9f9000 	C:\Program Files\Android\Android Studio\jre\jre\bin\java.dll
0x00007ffbfcbf0000 - 0x00007ffbfcc06000 	C:\Program Files\Android\Android Studio\jre\jre\bin\zip.dll
0x00007ffc07670000 - 0x00007ffc08ab0000 	C:\WINDOWS\System32\SHELL32.dll
0x00007ffc07210000 - 0x00007ffc072b9000 	C:\WINDOWS\System32\shcore.dll
0x00007ffc05dc0000 - 0x00007ffc064cd000 	C:\WINDOWS\System32\windows.storage.dll
0x00007ffc08c10000 - 0x00007ffc08c61000 	C:\WINDOWS\System32\shlwapi.dll
0x00007ffc057a0000 - 0x00007ffc057b1000 	C:\WINDOWS\System32\kernel.appcore.dll
0x00007ffc05720000 - 0x00007ffc0573f000 	C:\WINDOWS\System32\profapi.dll
0x00007ffc05750000 - 0x00007ffc0579c000 	C:\WINDOWS\System32\powrprof.dll
0x00007ffc05740000 - 0x00007ffc0574a000 	C:\WINDOWS\System32\FLTLIB.DLL
0x00007ffbf6460000 - 0x00007ffbf647a000 	C:\Program Files\Android\Android Studio\jre\jre\bin\net.dll
0x00007ffc04f30000 - 0x00007ffc04f96000 	C:\WINDOWS\system32\mswsock.dll
0x00007ffbf6300000 - 0x00007ffbf6311000 	C:\Program Files\Android\Android Studio\jre\jre\bin\nio.dll
0x00007ffbee8a0000 - 0x00007ffbee8be000 	D:\asfiles\.gradle\native\23\windows-amd64\native-platform.dll
0x00007ffc050e0000 - 0x00007ffc050f7000 	C:\WINDOWS\SYSTEM32\CRYPTSP.dll
0x00007ffc04b10000 - 0x00007ffc04b43000 	C:\WINDOWS\system32\rsaenh.dll
0x00007ffc05210000 - 0x00007ffc05235000 	C:\WINDOWS\SYSTEM32\bcrypt.dll
0x00007ffc055b0000 - 0x00007ffc055d8000 	C:\WINDOWS\SYSTEM32\USERENV.dll
0x00007ffc05100000 - 0x00007ffc0510b000 	C:\WINDOWS\SYSTEM32\CRYPTBASE.dll
0x00007ffc04cb0000 - 0x00007ffc04ce8000 	C:\WINDOWS\SYSTEM32\IPHLPAPI.DLL
0x00007ffc092e0000 - 0x00007ffc092e8000 	C:\WINDOWS\System32\NSI.dll
0x00007ffbfb780000 - 0x00007ffbfb796000 	C:\WINDOWS\SYSTEM32\dhcpcsvc6.DLL
0x00007ffbfb760000 - 0x00007ffbfb77a000 	C:\WINDOWS\SYSTEM32\dhcpcsvc.DLL
0x00007ffbfdb60000 - 0x00007ffbfdb6d000 	C:\Program Files\Android\Android Studio\jre\jre\bin\management.dll
0x00007ffbee8c0000 - 0x00007ffbee8e4000 	C:\Program Files\Android\Android Studio\jre\jre\bin\sunec.dll
0x00007ffbdb160000 - 0x00007ffbdb274000 	C:\WINDOWS\SysWOW64\ierd_tgp_lsp64.dll
0x00007ffc08ab0000 - 0x00007ffc08c01000 	C:\WINDOWS\System32\ole32.dll
0x00007ffc04cf0000 - 0x00007ffc04dae000 	C:\WINDOWS\SYSTEM32\DNSAPI.dll
0x00007ffbfade0000 - 0x00007ffbfadea000 	C:\Windows\System32\rasadhlp.dll
0x00007ffc048b0000 - 0x00007ffc048e1000 	C:\WINDOWS\SYSTEM32\ntmarta.dll
0x00007ffbfa6e0000 - 0x00007ffbfa6eb000 	C:\Program Files\Android\Android Studio\jre\jre\bin\sunmscapi.dll
0x00007ffc05b30000 - 0x00007ffc05d12000 	C:\WINDOWS\System32\CRYPT32.dll
0x00007ffc057c0000 - 0x00007ffc057d2000 	C:\WINDOWS\System32\MSASN1.dll

VM Arguments:
jvm_args: -Xmx1536m -Dfile.encoding=GBK -Duser.country=CN -Duser.language=zh -Duser.variant 
java_command: org.gradle.launcher.daemon.bootstrap.GradleDaemon 3.3
java_class_path (initial): D:\asfiles\.gradle\wrapper\dists\gradle-3.3-all\55gk2rcmfc6p2dg9u9ohc3hw9\gradle-3.3\lib\gradle-launcher-3.3.jar
Launcher Type: SUN_STANDARD

Environment Variables:
JAVA_HOME=C:\Program Files\Java\jdk1.8.0_91
CLASSPATH=C:\Program Files\Java\jdk1.8.0_91\lib\dt.jar;C:\Program Files\Java\jdk1.8.0_91\lib\tools.jar;D:\apache-ant-1.10.1\lib;
PATH=C:\Program Files\Java\jdk1.8.0_91\bin;C:\ProgramData\Oracle\Java\javapath;C:\Users\dirase\AppData\Local\Android\sdk\platform-tools;C:\Program Files (x86)\Intel\iCLS Client\;C:\Program Files\Intel\iCLS Client\;C:\Windows\system32;C:\Windows;C:\Windows\System32\Wbem;C:\Windows\System32\WindowsPowerShell\v1.0\;C:\Program Files (x86)\NVIDIA Corporation\PhysX\Common;C:\Program Files (x86)\Intel\Intel(R) Management Engine Components\DAL;C:\Program Files\Intel\Intel(R) Management Engine Components\DAL;C:\Program Files (x86)\Intel\Intel(R) Management Engine Components\IPT;C:\Program Files\Intel\Intel(R) Management Engine Components\IPT;C:\Program Files\Intel\WiFi\bin\;C:\Program Files\Common Files\Intel\WirelessCommon\;C:\Program Files (x86)\Git\cmd;C:\WINDOWS\system32;C:\WINDOWS;C:\WINDOWS\System32\Wbem;C:\WINDOWS\System32\WindowsPowerShell\v1.0\;D:\apache-ant-1.10.1\bin;C:\WINDOWS\System32\OpenSSH\;D:\–¬Ω®Œƒº˛º–\Scripts\;D:\–¬Ω®Œƒº˛º–\;C:\Users\dirase\AppData\Local\Microsoft\WindowsApps
USERNAME=dirase
OS=Windows_NT
PROCESSOR_IDENTIFIER=Intel64 Family 6 Model 158 Stepping 9, GenuineIntel



---------------  S Y S T E M  ---------------

OS: Windows 10.0 , 64 bit Build 17134 (10.0.17134.1)

CPU:total 8 (4 cores per cpu, 2 threads per core) family 6 model 158 stepping 9, cmov, cx8, fxsr, mmx, sse, sse2, sse3, ssse3, sse4.1, sse4.2, popcnt, avx, avx2, aes, clmul, erms, 3dnowpref, lzcnt, ht, tsc, tscinvbit, bmi1, bmi2, adx

Memory: 4k page, physical 8306360k(622296k free), swap 23756596k(5592k free)

vm_info: OpenJDK 64-Bit Server VM (25.112-b06) for windows-amd64 JRE (1.8.0_112-release-b06), built on Dec  8 2016 00:54:26 by "builder" with MS VC++ 10.0 (VS2010)

time: Wed Jun 06 08:56:52 2018
elapsed time: 1887 seconds (0d 0h 31m 27s)

